<?xml version="1.0" encoding="UTF-8"?>
<testng-results ignored="0" total="1" passed="1" failed="0" skipped="0">
  <reporter-output>
  </reporter-output>
  <suite started-at="2024-07-09T20:37:44 IST" name="Suite" finished-at="2024-07-09T20:37:58 IST" duration-ms="13627">
    <groups>
    </groups>
    <test started-at="2024-07-09T20:37:44 IST" name="Test" finished-at="2024-07-09T20:37:58 IST" duration-ms="13627">
      <class name="com.inetbanking.testCases.TC_LoginTest_001">
        <test-method is-config="true" signature="setup()[pri:0, instance:com.inetbanking.testCases.TC_LoginTest_001@3b7d3a38]" started-at="2024-07-09T20:37:45 IST" name="setup" finished-at="2024-07-09T20:37:50 IST" duration-ms="5674" status="PASS">
          <reporter-output>
          </reporter-output>
        </test-method> <!-- setup -->
        <test-method signature="LoginTest()[pri:0, instance:com.inetbanking.testCases.TC_LoginTest_001@3b7d3a38]" started-at="2024-07-09T20:37:50 IST" name="LoginTest" finished-at="2024-07-09T20:37:58 IST" duration-ms="7308" status="PASS">
          <reporter-output>
          </reporter-output>
        </test-method> <!-- LoginTest -->
        <test-method is-config="true" signature="teardown()[pri:0, instance:com.inetbanking.testCases.TC_LoginTest_001@3b7d3a38]" started-at="2024-07-09T20:37:58 IST" name="teardown" finished-at="2024-07-09T20:37:58 IST" duration-ms="577" status="PASS">
          <reporter-output>
          </reporter-output>
        </test-method> <!-- teardown -->
      </class> <!-- com.inetbanking.testCases.TC_LoginTest_001 -->
    </test> <!-- Test -->
  </suite> <!-- Suite -->
</testng-results>
