<?xml version="1.0" encoding="UTF-8"?>
<testng-results ignored="0" total="1" passed="1" failed="0" skipped="0">
  <reporter-output>
  </reporter-output>
  <suite started-at="2024-07-18T21:02:16 IST" name="Suite" finished-at="2024-07-18T21:02:32 IST" duration-ms="15336">
    <groups>
    </groups>
    <test started-at="2024-07-18T21:02:16 IST" name="Test" finished-at="2024-07-18T21:02:32 IST" duration-ms="15336">
      <class name="com.inetbanking.testCases.TC_LoginTest_001">
        <test-method is-config="true" signature="setup()[pri:0, instance:com.inetbanking.testCases.TC_LoginTest_001@47db5fa5]" started-at="2024-07-18T21:02:17 IST" name="setup" finished-at="2024-07-18T21:02:25 IST" duration-ms="8896" status="PASS">
          <reporter-output>
          </reporter-output>
        </test-method> <!-- setup -->
        <test-method signature="LoginTest()[pri:0, instance:com.inetbanking.testCases.TC_LoginTest_001@47db5fa5]" started-at="2024-07-18T21:02:25 IST" name="LoginTest" finished-at="2024-07-18T21:02:31 IST" duration-ms="5967" status="PASS">
          <reporter-output>
          </reporter-output>
        </test-method> <!-- LoginTest -->
        <test-method is-config="true" signature="teardown()[pri:0, instance:com.inetbanking.testCases.TC_LoginTest_001@47db5fa5]" started-at="2024-07-18T21:02:31 IST" name="teardown" finished-at="2024-07-18T21:02:32 IST" duration-ms="411" status="PASS">
          <reporter-output>
          </reporter-output>
        </test-method> <!-- teardown -->
      </class> <!-- com.inetbanking.testCases.TC_LoginTest_001 -->
    </test> <!-- Test -->
  </suite> <!-- Suite -->
</testng-results>
